[
  {
    "Plan": {
      "Node Type": "Aggregate",
      "Strategy": "Sorted",
      "Partial Mode": "Simple",
      "Parallel Aware": false,
      "Async Capable": false,
      "Startup Cost": 535469.52,
      "Total Cost": 592125.27,
      "Plan Rows": 1992262,
      "Plan Width": 72,
      "Actual Startup Time": 1383.239,
      "Actual Total Time": 1674.538,
      "Actual Rows": 3.00,
      "Actual Loops": 1,
      "Disabled": false,
      "Group Key": ["(to_char(order_date, 'YYYY-MM'::text))"],
      "Plans": [
        {
          "Node Type": "Sort",
          "Parent Relationship": "Outer",
          "Parallel Aware": false,
          "Async Capable": false,
          "Startup Cost": 535469.52,
          "Total Cost": 542162.48,
          "Plan Rows": 2677182,
          "Plan Width": 42,
          "Actual Startup Time": 1241.535,
          "Actual Total Time": 1444.643,
          "Actual Rows": 2700000.00,
          "Actual Loops": 1,
          "Disabled": false,
          "Sort Key": ["(to_char(order_date, 'YYYY-MM'::text))"],
          "Sort Method": "external merge",
          "Sort Space Used": 75576,
          "Sort Space Type": "Disk",
          "Plans": [
            {
              "Node Type": "Seq Scan",
              "Parent Relationship": "Outer",
              "Parallel Aware": false,
              "Async Capable": false,
              "Relation Name": "order",
              "Alias": "order",
              "Startup Cost": 0.00,
              "Total Cost": 84939.78,
              "Plan Rows": 2677182,
              "Plan Width": 42,
              "Actual Startup Time": 93.710,
              "Actual Total Time": 666.152,
              "Actual Rows": 2700000.00,
              "Actual Loops": 1,
              "Disabled": false
            }
          ]
        }
      ]
    },
    "Planning": {
      "Memory Used": 20,
      "Memory Allocated": 32
    },
    "Planning Time": 0.121,
    "Triggers": [
    ],
    "JIT": {
      "Functions": 7,
      "Options": {
        "Inlining": true,
        "Optimization": true,
        "Expressions": true,
        "Deforming": true
      },
      "Timing": {
        "Generation": {
          "Deform": 0.381,
          "Total": 0.912
        },
        "Inlining": 10.620,
        "Optimization": 39.752,
        "Emission": 26.495,
        "Total": 77.779
      }
    },
    "Execution Time": 1689.545
  }
]