[
  {
    "Plan": {
      "Node Type": "Gather Merge",
      "Parallel Aware": false,
      "Async Capable": false,
      "Startup Cost": 72253.49,
      "Total Cost": 73446.34,
      "Plan Rows": 10242,
      "Plan Width": 35,
      "Actual Startup Time": 85.021,
      "Actual Total Time": 95.453,
      "Actual Rows": 10524.00,
      "Actual Loops": 1,
      "Disabled": false,
      "Workers Planned": 2,
      "Workers Launched": 2,
      "Plans": [
        {
          "Node Type": "Sort",
          "Parent Relationship": "Outer",
          "Parallel Aware": false,
          "Async Capable": false,
          "Startup Cost": 71253.47,
          "Total Cost": 71264.14,
          "Plan Rows": 4268,
          "Plan Width": 35,
          "Actual Startup Time": 69.868,
          "Actual Total Time": 70.287,
          "Actual Rows": 3508.00,
          "Actual Loops": 3,
          "Disabled": false,
          "Sort Key": ["order_date DESC"],
          "Sort Method": "quicksort",
          "Sort Space Used": 319,
          "Sort Space Type": "Memory",
          "Workers": [
            {
              "Worker Number": 0,
              "Sort Method": "quicksort",
              "Sort Space Used": 303,
              "Sort Space Type": "Memory"
            },
            {
              "Worker Number": 1,
              "Sort Method": "quicksort",
              "Sort Space Used": 303,
              "Sort Space Type": "Memory"
            }
          ],
          "Plans": [
            {
              "Node Type": "Seq Scan",
              "Parent Relationship": "Outer",
              "Parallel Aware": true,
              "Async Capable": false,
              "Relation Name": "order",
              "Alias": "order",
              "Startup Cost": 0.00,
              "Total Cost": 70996.12,
              "Plan Rows": 4268,
              "Plan Width": 35,
              "Actual Startup Time": 7.639,
              "Actual Total Time": 68.799,
              "Actual Rows": 3508.00,
              "Actual Loops": 3,
              "Disabled": false,
              "Filter": "((order_date >= '2025-10-01 00:00:00'::timestamp without time zone) AND (order_date <= '2025-10-10 00:00:00'::timestamp without time zone) AND (seller_id = 11))",
              "Rows Removed by Filter": 896492,
              "Workers": [
              ]
            }
          ]
        }
      ]
    },
    "Planning": {
      "Memory Used": 17,
      "Memory Allocated": 32
    },
    "Planning Time": 0.088,
    "Triggers": [
    ],
    "Execution Time": 95.870
  }
]