[
  {
    "Plan": {
      "Node Type": "Limit",
      "Parallel Aware": false,
      "Async Capable": false,
      "Startup Cost": 153338.64,
      "Total Cost": 153338.69,
      "Plan Rows": 20,
      "Plan Width": 78,
      "Actual Startup Time": 930.379,
      "Actual Total Time": 936.869,
      "Actual Rows": 20.00,
      "Actual Loops": 1,
      "Disabled": false,
      "Plans": [
        {
          "Node Type": "Sort",
          "Parent Relationship": "Outer",
          "Parallel Aware": false,
          "Async Capable": false,
          "Startup Cost": 153338.64,
          "Total Cost": 153343.64,
          "Plan Rows": 2000,
          "Plan Width": 78,
          "Actual Startup Time": 919.538,
          "Actual Total Time": 926.027,
          "Actual Rows": 20.00,
          "Actual Loops": 1,
          "Disabled": false,
          "Sort Key": ["(sum(oi.quantity)) DESC"],
          "Sort Method": "quicksort",
          "Sort Space Used": 28,
          "Sort Space Type": "Memory",
          "Plans": [
            {
              "Node Type": "Aggregate",
              "Strategy": "Sorted",
              "Partial Mode": "Finalize",
              "Parent Relationship": "Outer",
              "Parallel Aware": false,
              "Async Capable": false,
              "Startup Cost": 152653.38,
              "Total Cost": 153285.42,
              "Plan Rows": 2000,
              "Plan Width": 78,
              "Actual Startup Time": 919.423,
              "Actual Total Time": 925.962,
              "Actual Rows": 24.00,
              "Actual Loops": 1,
              "Disabled": false,
              "Group Key": ["p.product_id"],
              "Plans": [
                {
                  "Node Type": "Gather Merge",
                  "Parent Relationship": "Outer",
                  "Parallel Aware": false,
                  "Async Capable": false,
                  "Startup Cost": 152653.38,
                  "Total Cost": 153212.42,
                  "Plan Rows": 4800,
                  "Plan Width": 78,
                  "Actual Startup Time": 919.392,
                  "Actual Total Time": 925.898,
                  "Actual Rows": 72.00,
                  "Actual Loops": 1,
                  "Disabled": false,
                  "Workers Planned": 2,
                  "Workers Launched": 2,
                  "Plans": [
                    {
                      "Node Type": "Sort",
                      "Parent Relationship": "Outer",
                      "Parallel Aware": false,
                      "Async Capable": false,
                      "Startup Cost": 151653.36,
                      "Total Cost": 151658.36,
                      "Plan Rows": 2000,
                      "Plan Width": 78,
                      "Actual Startup Time": 902.364,
                      "Actual Total Time": 902.368,
                      "Actual Rows": 24.00,
                      "Actual Loops": 3,
                      "Disabled": false,
                      "Sort Key": ["p.product_id"],
                      "Sort Method": "quicksort",
                      "Sort Space Used": 28,
                      "Sort Space Type": "Memory",
                      "Workers": [
                        {
                          "Worker Number": 0,
                          "Sort Method": "quicksort",
                          "Sort Space Used": 28,
                          "Sort Space Type": "Memory"
                        },
                        {
                          "Worker Number": 1,
                          "Sort Method": "quicksort",
                          "Sort Space Used": 28,
                          "Sort Space Type": "Memory"
                        }
                      ],
                      "Plans": [
                        {
                          "Node Type": "Aggregate",
                          "Strategy": "Hashed",
                          "Partial Mode": "Partial",
                          "Parent Relationship": "Outer",
                          "Parallel Aware": false,
                          "Async Capable": false,
                          "Startup Cost": 151518.70,
                          "Total Cost": 151543.70,
                          "Plan Rows": 2000,
                          "Plan Width": 78,
                          "Actual Startup Time": 902.330,
                          "Actual Total Time": 902.344,
                          "Actual Rows": 24.00,
                          "Actual Loops": 3,
                          "Disabled": false,
                          "Group Key": ["p.product_id"],
                          "Planned Partitions": 0,
                          "HashAgg Batches": 1,
                          "Peak Memory Usage": 105,
                          "Disk Usage": 0,
                          "Workers": [
                            {
                              "Worker Number": 0,
                              "HashAgg Batches": 1,
                              "Peak Memory Usage": 105,
                              "Disk Usage": 0
                            },
                            {
                              "Worker Number": 1,
                              "HashAgg Batches": 1,
                              "Peak Memory Usage": 105,
                              "Disk Usage": 0
                            }
                          ],
                          "Plans": [
                            {
                              "Node Type": "Hash Join",
                              "Parent Relationship": "Outer",
                              "Parallel Aware": false,
                              "Async Capable": false,
                              "Join Type": "Inner",
                              "Startup Cost": 75.00,
                              "Total Cost": 126206.55,
                              "Plan Rows": 3374953,
                              "Plan Width": 51,
                              "Actual Startup Time": 6.612,
                              "Actual Total Time": 519.080,
                              "Actual Rows": 2699945.67,
                              "Actual Loops": 3,
                              "Disabled": false,
                              "Inner Unique": true,
                              "Hash Cond": "(oi.product_id = p.product_id)",
                              "Workers": [
                              ],
                              "Plans": [
                                {
                                  "Node Type": "Seq Scan",
                                  "Parent Relationship": "Outer",
                                  "Parallel Aware": true,
                                  "Async Capable": false,
                                  "Relation Name": "order_item",
                                  "Alias": "oi",
                                  "Startup Cost": 0.00,
                                  "Total Cost": 117253.53,
                                  "Plan Rows": 3374953,
                                  "Plan Width": 17,
                                  "Actual Startup Time": 0.083,
                                  "Actual Total Time": 129.983,
                                  "Actual Rows": 2699945.67,
                                  "Actual Loops": 3,
                                  "Disabled": false,
                                  "Workers": [
                                  ]
                                },
                                {
                                  "Node Type": "Hash",
                                  "Parent Relationship": "Inner",
                                  "Parallel Aware": false,
                                  "Async Capable": false,
                                  "Startup Cost": 50.00,
                                  "Total Cost": 50.00,
                                  "Plan Rows": 2000,
                                  "Plan Width": 38,
                                  "Actual Startup Time": 6.500,
                                  "Actual Total Time": 6.501,
                                  "Actual Rows": 2000.00,
                                  "Actual Loops": 3,
                                  "Disabled": false,
                                  "Hash Buckets": 2048,
                                  "Original Hash Buckets": 2048,
                                  "Hash Batches": 1,
                                  "Original Hash Batches": 1,
                                  "Peak Memory Usage": 154,
                                  "Workers": [
                                  ],
                                  "Plans": [
                                    {
                                      "Node Type": "Seq Scan",
                                      "Parent Relationship": "Outer",
                                      "Parallel Aware": false,
                                      "Async Capable": false,
                                      "Relation Name": "product",
                                      "Alias": "p",
                                      "Startup Cost": 0.00,
                                      "Total Cost": 50.00,
                                      "Plan Rows": 2000,
                                      "Plan Width": 38,
                                      "Actual Startup Time": 5.972,
                                      "Actual Total Time": 6.179,
                                      "Actual Rows": 2000.00,
                                      "Actual Loops": 3,
                                      "Disabled": false,
                                      "Workers": [
                                      ]
                                    }
                                  ]
                                }
                              ]
                            }
                          ]
                        }
                      ]
                    }
                  ]
                }
              ]
            }
          ]
        }
      ]
    },
    "Planning": {
      "Memory Used": 61,
      "Memory Allocated": 128
    },
    "Planning Time": 0.604,
    "Triggers": [
    ],
    "JIT": {
      "Functions": 58,
      "Options": {
        "Inlining": false,
        "Optimization": false,
        "Expressions": true,
        "Deforming": true
      },
      "Timing": {
        "Generation": {
          "Deform": 1.163,
          "Total": 2.643
        },
        "Inlining": 0.000,
        "Optimization": 1.354,
        "Emission": 27.474,
        "Total": 31.472
      }
    },
    "Execution Time": 938.046
  }
]